This file contains any messages produced by compilers while
running configure, to aid debugging if configure makes a mistake.

It was created by FastJet configure 3.4.3, which was
generated by GNU Autoconf 2.71.  Invocation command line was

  $ ./configure --prefix=/home/linshengxiang/fastjet-3.4.3/../fastjet-install

## --------- ##
## Platform. ##
## --------- ##

hostname = sxLin
uname -m = x86_64
uname -r = 5.10.16.3-microsoft-standard-WSL2
uname -s = Linux
uname -v = #1 SMP Fri Apr 2 22:23:49 UTC 2021

/usr/bin/uname -p = x86_64
/bin/uname -X     = unknown

/bin/arch              = x86_64
/usr/bin/arch -k       = unknown
/usr/convex/getsysinfo = unknown
/usr/bin/hostinfo      = unknown
/bin/machine           = unknown
/usr/bin/oslevel       = unknown
/bin/universe          = unknown

PATH: /home/linshengxiang/.vscode-server/bin/fee1edb8d6d72a0ddff41e5f71a671c23ed924b9/bin/remote-cli/
PATH: /usr/local/sbin/
PATH: /usr/local/bin/
PATH: /usr/sbin/
PATH: /usr/bin/
PATH: /sbin/
PATH: /bin/
PATH: /usr/games/
PATH: /usr/local/games/
PATH: /usr/lib/wsl/lib/
PATH: /mnt/c/WINDOWS/system32/
PATH: /mnt/c/WINDOWS/
PATH: /mnt/c/WINDOWS/System32/Wbem/
PATH: /mnt/c/WINDOWS/System32/WindowsPowerShell/v1.0/
PATH: /mnt/c/WINDOWS/System32/OpenSSH/
PATH: /mnt/c/Program Files (x86)/NetSarang/Xshell 7/
PATH: /mnt/c/Program Files (x86)/NetSarang/Xftp 7/
PATH: /mnt/c/Program Files/MATLAB/R2022a/runtime/win64/
PATH: /mnt/c/Program Files/MATLAB/R2022a/bin/
PATH: /mnt/c/Program Files/dotnet/
PATH: /mnt/c/Program Files/Git/cmd/
PATH: /mnt/d/Anaconda/
PATH: /mnt/d/Anaconda/Library/mingw-w64/bin/
PATH: /mnt/d/Anaconda/Library/usr/bin/
PATH: /mnt/d/Anaconda/Library/bin/
PATH: /mnt/d/Anaconda/Scripts/
PATH: /mnt/c/Users/林圣翔/AppData/Local/Programs/Python/Python38/Scripts/
PATH: /mnt/c/Users/林圣翔/AppData/Local/Programs/Python/Python38/
PATH: /mnt/c/Users/林圣翔/AppData/Local/Microsoft/WindowsApps/
PATH: /mnt/d/PyCharm 2020.2.2/bin/
PATH: /mnt/d/PyCharm Community Edition 2022.3.3/bin/
PATH: /mnt/d/Microsoft VS Code/bin/
PATH: /mnt/d/Anaconda/DataSpell 2023.3.4/bin/
PATH: /mnt/c/Users/林圣翔/.dotnet/tools/
PATH: /snap/bin/


## ----------- ##
## Core tests. ##
## ----------- ##

configure:3033: looking for aux files: config.guess config.sub ltmain.sh compile missing install-sh
configure:3046:  trying ./
configure:3075:   ./config.guess found
configure:3075:   ./config.sub found
configure:3075:   ./ltmain.sh found
configure:3075:   ./compile found
configure:3075:   ./missing found
configure:3057:   ./install-sh found
configure:3205: checking for a BSD-compatible install
configure:3278: result: /usr/bin/install -c
configure:3289: checking whether build environment is sane
configure:3344: result: yes
configure:3501: checking for a race-free mkdir -p
configure:3545: result: /usr/bin/mkdir -p
configure:3552: checking for gawk
configure:3573: found /usr/bin/gawk
configure:3584: result: gawk
configure:3595: checking whether make sets $(MAKE)
configure:3618: result: yes
configure:3648: checking whether make supports nested variables
configure:3666: result: yes
configure:3751: checking whether UID '1000' is supported by ustar format
configure:3754: result: yes
configure:3761: checking whether GID '1000' is supported by ustar format
configure:3764: result: yes
configure:3772: checking how to create a ustar tar archive
configure:3783: tar --version
tar (GNU tar) 1.30
Copyright (C) 2017 Free Software Foundation, Inc.
License GPLv3+: GNU GPL version 3 or later <https://gnu.org/licenses/gpl.html>.
This is free software: you are free to change and redistribute it.
There is NO WARRANTY, to the extent permitted by law.

Written by John Gilmore and Jay Fenlason.
configure:3786: $? = 0
configure:3826: tardir=conftest.dir && eval tar --format=ustar -chf - "$tardir" >conftest.tar
configure:3829: $? = 0
configure:3833: tar -xf - <conftest.tar
configure:3836: $? = 0
configure:3838: cat conftest.dir/file
GrepMe
configure:3841: $? = 0
configure:3855: result: gnutar
configure:3924: checking whether the installation path contains a space
configure:3931: result: no
configure:3957: checking whether make supports the include directive
configure:3972: make -f confmf.GNU && cat confinc.out
this is the am__doit target
configure:3975: $? = 0
configure:3994: result: yes (GNU style)
configure:4070: checking for gcc
configure:4091: found /usr/bin/gcc
configure:4102: result: gcc
configure:4455: checking for C compiler version
configure:4464: gcc --version >&5
gcc (Ubuntu 9.4.0-1ubuntu1~20.04.1) 9.4.0
Copyright (C) 2019 Free Software Foundation, Inc.
This is free software; see the source for copying conditions.  There is NO
warranty; not even for MERCHANTABILITY or FITNESS FOR A PARTICULAR PURPOSE.

configure:4475: $? = 0
configure:4464: gcc -v >&5
Using built-in specs.
COLLECT_GCC=gcc
COLLECT_LTO_WRAPPER=/usr/lib/gcc/x86_64-linux-gnu/9/lto-wrapper
OFFLOAD_TARGET_NAMES=nvptx-none:hsa
OFFLOAD_TARGET_DEFAULT=1
Target: x86_64-linux-gnu
Configured with: ../src/configure -v --with-pkgversion='Ubuntu 9.4.0-1ubuntu1~20.04.1' --with-bugurl=file:///usr/share/doc/gcc-9/README.Bugs --enable-languages=c,ada,c++,go,brig,d,fortran,objc,obj-c++,gm2 --prefix=/usr --with-gcc-major-version-only --program-suffix=-9 --program-prefix=x86_64-linux-gnu- --enable-shared --enable-linker-build-id --libexecdir=/usr/lib --without-included-gettext --enable-threads=posix --libdir=/usr/lib --enable-nls --enable-clocale=gnu --enable-libstdcxx-debug --enable-libstdcxx-time=yes --with-default-libstdcxx-abi=new --enable-gnu-unique-object --disable-vtable-verify --enable-plugin --enable-default-pie --with-system-zlib --with-target-system-zlib=auto --enable-objc-gc=auto --enable-multiarch --disable-werror --with-arch-32=i686 --with-abi=m64 --with-multilib-list=m32,m64,mx32 --enable-multilib --with-tune=generic --enable-offload-targets=nvptx-none=/build/gcc-9-Av3uEd/gcc-9-9.4.0/debian/tmp-nvptx/usr,hsa --without-cuda-driver --enable-checking=release --build=x86_64-linux-gnu --host=x86_64-linux-gnu --target=x86_64-linux-gnu
Thread model: posix
gcc version 9.4.0 (Ubuntu 9.4.0-1ubuntu1~20.04.1) 
configure:4475: $? = 0
configure:4464: gcc -V >&5
gcc: error: unrecognized command line option '-V'
gcc: fatal error: no input files
compilation terminated.
configure:4475: $? = 1
configure:4464: gcc -qversion >&5
gcc: error: unrecognized command line option '-qversion'; did you mean '--version'?
gcc: fatal error: no input files
compilation terminated.
configure:4475: $? = 1
configure:4464: gcc -version >&5
gcc: error: unrecognized command line option '-version'
gcc: fatal error: no input files
compilation terminated.
configure:4475: $? = 1
configure:4495: checking whether the C compiler works
configure:4517: gcc    conftest.c  >&5
configure:4521: $? = 0
configure:4571: result: yes
configure:4574: checking for C compiler default output file name
configure:4576: result: a.out
configure:4582: checking for suffix of executables
configure:4589: gcc -o conftest    conftest.c  >&5
configure:4593: $? = 0
configure:4616: result: 
configure:4638: checking whether we are cross compiling
configure:4646: gcc -o conftest    conftest.c  >&5
configure:4650: $? = 0
configure:4657: ./conftest
configure:4661: $? = 0
configure:4649: result: no
configure:4654: checking for suffix of object files
configure:4677: gcc -c   conftest.c >&5
configure:4681: $? = 0
configure:4703: result: o
configure:4707: checking whether the compiler supports GNU C
configure:4727: gcc -c   conftest.c >&5
configure:4727: $? = 0
configure:4737: result: yes
configure:4748: checking whether gcc accepts -g
configure:4769: gcc -c -g  conftest.c >&5
configure:4769: $? = 0
configure:4813: result: yes
configure:4833: checking for gcc option to enable C11 features
configure:4848: gcc  -c -g -O2  conftest.c >&5
configure:4848: $? = 0
configure:4866: result: none needed
configure:4982: checking whether gcc understands -c and -o together
configure:5005: gcc -c conftest.c -o conftest2.o
configure:5008: $? = 0
configure:5005: gcc -c conftest.c -o conftest2.o
configure:5008: $? = 0
configure:5020: result: yes
configure:5039: checking dependency style of gcc
configure:5151: result: gcc3
configure:5171: checking for stdio.h
configure:5171: gcc -c -g -O2  conftest.c >&5
configure:5171: $? = 0
configure:5171: result: yes
configure:5171: checking for stdlib.h
configure:5171: gcc -c -g -O2  conftest.c >&5
configure:5171: $? = 0
configure:5171: result: yes
configure:5171: checking for string.h
configure:5171: gcc -c -g -O2  conftest.c >&5
configure:5171: $? = 0
configure:5171: result: yes
configure:5171: checking for inttypes.h
configure:5171: gcc -c -g -O2  conftest.c >&5
configure:5171: $? = 0
configure:5171: result: yes
configure:5171: checking for stdint.h
configure:5171: gcc -c -g -O2  conftest.c >&5
configure:5171: $? = 0
configure:5171: result: yes
configure:5171: checking for strings.h
configure:5171: gcc -c -g -O2  conftest.c >&5
configure:5171: $? = 0
configure:5171: result: yes
configure:5171: checking for sys/stat.h
configure:5171: gcc -c -g -O2  conftest.c >&5
configure:5171: $? = 0
configure:5171: result: yes
configure:5171: checking for sys/types.h
configure:5171: gcc -c -g -O2  conftest.c >&5
configure:5171: $? = 0
configure:5171: result: yes
configure:5171: checking for unistd.h
configure:5171: gcc -c -g -O2  conftest.c >&5
configure:5171: $? = 0
configure:5171: result: yes
configure:5196: checking for int
configure:5196: gcc -c -g -O2  conftest.c >&5
configure:5196: $? = 0
configure:5196: gcc -c -g -O2  conftest.c >&5
conftest.c: In function 'main':
conftest.c:52:18: error: expected expression before ')' token
   52 | if (sizeof ((int)))
      |                  ^
configure:5196: $? = 1
configure: failed program was:
| /* confdefs.h */
| #define PACKAGE_NAME "FastJet"
| #define PACKAGE_TARNAME "fastjet"
| #define PACKAGE_VERSION "3.4.3"
| #define PACKAGE_STRING "FastJet 3.4.3"
| #define PACKAGE_BUGREPORT ""
| #define PACKAGE_URL ""
| #define PACKAGE "fastjet"
| #define VERSION "3.4.3"
| #define HAVE_STDIO_H 1
| #define HAVE_STDLIB_H 1
| #define HAVE_STRING_H 1
| #define HAVE_INTTYPES_H 1
| #define HAVE_STDINT_H 1
| #define HAVE_STRINGS_H 1
| #define HAVE_SYS_STAT_H 1
| #define HAVE_SYS_TYPES_H 1
| #define HAVE_UNISTD_H 1
| #define STDC_HEADERS 1
| /* end confdefs.h.  */
| #include <stddef.h>
| #ifdef HAVE_STDIO_H
| # include <stdio.h>
| #endif
| #ifdef HAVE_STDLIB_H
| # include <stdlib.h>
| #endif
| #ifdef HAVE_STRING_H
| # include <string.h>
| #endif
| #ifdef HAVE_INTTYPES_H
| # include <inttypes.h>
| #endif
| #ifdef HAVE_STDINT_H
| # include <stdint.h>
| #endif
| #ifdef HAVE_STRINGS_H
| # include <strings.h>
| #endif
| #ifdef HAVE_SYS_TYPES_H
| # include <sys/types.h>
| #endif
| #ifdef HAVE_SYS_STAT_H
| # include <sys/stat.h>
| #endif
| #ifdef HAVE_UNISTD_H
| # include <unistd.h>
| #endif
| int
| main (void)
| {
| if (sizeof ((int)))
| 	    return 0;
|   ;
|   return 0;
| }
configure:5196: result: yes
configure:5202: checking for long
configure:5202: gcc -c -g -O2  conftest.c >&5
configure:5202: $? = 0
configure:5202: gcc -c -g -O2  conftest.c >&5
conftest.c: In function 'main':
conftest.c:52:19: error: expected expression before ')' token
   52 | if (sizeof ((long)))
      |                   ^
configure:5202: $? = 1
configure: failed program was:
| /* confdefs.h */
| #define PACKAGE_NAME "FastJet"
| #define PACKAGE_TARNAME "fastjet"
| #define PACKAGE_VERSION "3.4.3"
| #define PACKAGE_STRING "FastJet 3.4.3"
| #define PACKAGE_BUGREPORT ""
| #define PACKAGE_URL ""
| #define PACKAGE "fastjet"
| #define VERSION "3.4.3"
| #define HAVE_STDIO_H 1
| #define HAVE_STDLIB_H 1
| #define HAVE_STRING_H 1
| #define HAVE_INTTYPES_H 1
| #define HAVE_STDINT_H 1
| #define HAVE_STRINGS_H 1
| #define HAVE_SYS_STAT_H 1
| #define HAVE_SYS_TYPES_H 1
| #define HAVE_UNISTD_H 1
| #define STDC_HEADERS 1
| /* end confdefs.h.  */
| #include <stddef.h>
| #ifdef HAVE_STDIO_H
| # include <stdio.h>
| #endif
| #ifdef HAVE_STDLIB_H
| # include <stdlib.h>
| #endif
| #ifdef HAVE_STRING_H
| # include <string.h>
| #endif
| #ifdef HAVE_INTTYPES_H
| # include <inttypes.h>
| #endif
| #ifdef HAVE_STDINT_H
| # include <stdint.h>
| #endif
| #ifdef HAVE_STRINGS_H
| # include <strings.h>
| #endif
| #ifdef HAVE_SYS_TYPES_H
| # include <sys/types.h>
| #endif
| #ifdef HAVE_SYS_STAT_H
| # include <sys/stat.h>
| #endif
| #ifdef HAVE_UNISTD_H
| # include <unistd.h>
| #endif
| int
| main (void)
| {
| if (sizeof ((long)))
| 	    return 0;
|   ;
|   return 0;
| }
configure:5202: result: yes
configure:5286: checking for g++
configure:5307: found /usr/bin/g++
configure:5318: result: g++
configure:5345: checking for C++ compiler version
configure:5354: g++ --version >&5
g++ (Ubuntu 9.4.0-1ubuntu1~20.04.1) 9.4.0
Copyright (C) 2019 Free Software Foundation, Inc.
This is free software; see the source for copying conditions.  There is NO
warranty; not even for MERCHANTABILITY or FITNESS FOR A PARTICULAR PURPOSE.

configure:5365: $? = 0
configure:5354: g++ -v >&5
Using built-in specs.
COLLECT_GCC=g++
COLLECT_LTO_WRAPPER=/usr/lib/gcc/x86_64-linux-gnu/9/lto-wrapper
OFFLOAD_TARGET_NAMES=nvptx-none:hsa
OFFLOAD_TARGET_DEFAULT=1
Target: x86_64-linux-gnu
Configured with: ../src/configure -v --with-pkgversion='Ubuntu 9.4.0-1ubuntu1~20.04.1' --with-bugurl=file:///usr/share/doc/gcc-9/README.Bugs --enable-languages=c,ada,c++,go,brig,d,fortran,objc,obj-c++,gm2 --prefix=/usr --with-gcc-major-version-only --program-suffix=-9 --program-prefix=x86_64-linux-gnu- --enable-shared --enable-linker-build-id --libexecdir=/usr/lib --without-included-gettext --enable-threads=posix --libdir=/usr/lib --enable-nls --enable-clocale=gnu --enable-libstdcxx-debug --enable-libstdcxx-time=yes --with-default-libstdcxx-abi=new --enable-gnu-unique-object --disable-vtable-verify --enable-plugin --enable-default-pie --with-system-zlib --with-target-system-zlib=auto --enable-objc-gc=auto --enable-multiarch --disable-werror --with-arch-32=i686 --with-abi=m64 --with-multilib-list=m32,m64,mx32 --enable-multilib --with-tune=generic --enable-offload-targets=nvptx-none=/build/gcc-9-Av3uEd/gcc-9-9.4.0/debian/tmp-nvptx/usr,hsa --without-cuda-driver --enable-checking=release --build=x86_64-linux-gnu --host=x86_64-linux-gnu --target=x86_64-linux-gnu
Thread model: posix
gcc version 9.4.0 (Ubuntu 9.4.0-1ubuntu1~20.04.1) 
configure:5365: $? = 0
configure:5354: g++ -V >&5
g++: error: unrecognized command line option '-V'
g++: fatal error: no input files
compilation terminated.
configure:5365: $? = 1
configure:5354: g++ -qversion >&5
g++: error: unrecognized command line option '-qversion'; did you mean '--version'?
g++: fatal error: no input files
compilation terminated.
configure:5365: $? = 1
configure:5369: checking whether the compiler supports GNU C++
configure:5389: g++ -c -O2 -Wall  conftest.cpp >&5
configure:5389: $? = 0
configure:5399: result: yes
configure:5410: checking whether g++ accepts -g
configure:5431: g++ -c -g  conftest.cpp >&5
configure:5431: $? = 0
configure:5475: result: yes
configure:5495: checking for g++ option to enable C++11 features
configure:5510: g++  -c -O2 -Wall  conftest.cpp >&5
conftest.cpp: In function 'int main(int, char**)':
conftest.cpp:144:8: warning: unused variable 'a1' [-Wunused-variable]
  144 |   auto a1 = 6538;
      |        ^~
conftest.cpp:151:16: warning: unused variable 'a4' [-Wunused-variable]
  151 |   decltype(a2) a4 = 34895.034;
      |                ^~
conftest.cpp:155:9: warning: unused variable 'sa' [-Wunused-variable]
  155 |   short sa[cxx11test::get_val()] = { 0 };
      |         ^~
conftest.cpp:159:23: warning: unused variable 'il' [-Wunused-variable]
  159 |   cxx11test::testinit il = { 4323, 435234.23544 };
      |                       ^~
conftest.cpp:180:8: warning: unused variable 'a' [-Wunused-variable]
  180 |   auto a = sum(1);
      |        ^
conftest.cpp:181:8: warning: unused variable 'b' [-Wunused-variable]
  181 |   auto b = sum(1, 2);
      |        ^
conftest.cpp:182:8: warning: unused variable 'c' [-Wunused-variable]
  182 |   auto c = sum(1.0, 2.0, 3.0);
      |        ^
conftest.cpp:196:9: warning: unused variable 'c' [-Wunused-variable]
  196 |   char *c = nullptr;
      |         ^
conftest.cpp:204:15: warning: unused variable 'utf8' [-Wunused-variable]
  204 |   char const *utf8 = u8"UTF-8 string \u2500";
      |               ^~~~
conftest.cpp:205:19: warning: unused variable 'utf16' [-Wunused-variable]
  205 |   char16_t const *utf16 = u"UTF-8 string \u2500";
      |                   ^~~~~
conftest.cpp:206:19: warning: unused variable 'utf32' [-Wunused-variable]
  206 |   char32_t const *utf32 = U"UTF-32 string \u2500";
      |                   ^~~~~
configure:5510: $? = 0
configure:5528: result: none needed
configure:5594: checking dependency style of g++
configure:5706: result: gcc3
configure:5726: checking for g++
configure:5747: found /usr/bin/g++
configure:5759: result: yes
configure:5772: checking whether ln -s works
configure:5776: result: yes
configure:5783: checking for a sed that does not truncate output
configure:5853: result: /usr/bin/sed
configure:5858: checking whether make sets $(MAKE)
configure:5881: result: yes
configure:5893: checking for grep that handles long lines and -e
configure:5957: result: /usr/bin/grep
configure:5965: checking for egrep
configure:6033: result: /usr/bin/grep -E
configure:6059: checking if g++ supports -Woverloaded-virtual flag
configure:6074: g++ -c -Woverloaded-virtual  conftest.cpp >&5
configure:6074: $? = 0
configure:6088: result: yes
configure:6175: checking if g++ -O2 -Wall supports the "[[deprecated]]" keyword
configure:6189: g++ -c -O2 -Wall -Werror=attributes  conftest.cpp >&5
conftest.cpp: In function 'int main()':
conftest.cpp:21:78: warning: 'void A::test()' is deprecated [-Wdeprecated-declarations]
   21 | class A{public:  [[deprecated]] void test() {}}; int main(void){ A a; a.test(); return 0;}
      |                                                                              ^
conftest.cpp:21:38: note: declared here
   21 | class A{public:  [[deprecated]] void test() {}}; int main(void){ A a; a.test(); return 0;}
      |                                      ^~~~
configure:6189: $? = 0
configure:6208: result: yes
configure:6211: checking if g++ -O2 -Wall supports the "__attribute__((deprecated))" keyword
configure:6225: g++ -c -O2 -Wall -Werror=attributes  conftest.cpp >&5
conftest.cpp: In function 'int main()':
conftest.cpp:22:89: warning: 'void A::test()' is deprecated [-Wdeprecated-declarations]
   22 | class A{public: void test() __attribute__((deprecated)) {}};int main(void){ A a; a.test(); return 0;}
      |                                                                                         ^
conftest.cpp:22:22: note: declared here
   22 | class A{public: void test() __attribute__((deprecated)) {}};int main(void){ A a; a.test(); return 0;}
      |                      ^~~~
configure:6225: $? = 0
configure:6244: result: yes
configure:6247: checking if g++ -O2 -Wall supports the "override" keyword
configure:6261: g++ -c -O2 -Wall -Werror  conftest.cpp >&5
configure:6261: $? = 0
configure:6280: result: yes
configure:6283: checking if g++  -g  -Woverloaded-virtual  -O2 -Wall supports the "[[deprecated]]" keyword
configure:6297: g++ -c  -g  -Woverloaded-virtual  -O2 -Wall -Werror -Wno-error=deprecated-declarations  conftest.cpp >&5
conftest.cpp: In function 'int main()':
conftest.cpp:24:78: warning: 'void A::test()' is deprecated [-Wdeprecated-declarations]
   24 | class A{public:  [[deprecated]] void test() {}}; int main(void){ A a; a.test(); return 0;}
      |                                                                              ^
conftest.cpp:24:38: note: declared here
   24 | class A{public:  [[deprecated]] void test() {}}; int main(void){ A a; a.test(); return 0;}
      |                                      ^~~~
configure:6297: $? = 0
configure:6316: result: yes
configure:6319: checking if g++  -g  -Woverloaded-virtual  -O2 -Wall supports the "__attribute__((deprecated))" keyword
configure:6333: g++ -c  -g  -Woverloaded-virtual  -O2 -Wall -Werror -Wno-error=deprecated-declarations  conftest.cpp >&5
conftest.cpp: In function 'int main()':
conftest.cpp:25:93: warning: 'void A::test()' is deprecated [-Wdeprecated-declarations]
   25 | class A{public: __attribute__((__deprecated__)) void test() {}};int main(void){ A a; a.test(); return 0;}
      |                                                                                             ^
conftest.cpp:25:54: note: declared here
   25 | class A{public: __attribute__((__deprecated__)) void test() {}};int main(void){ A a; a.test(); return 0;}
      |                                                      ^~~~
configure:6333: $? = 0
configure:6352: result: yes
configure:6355: checking if g++  -g  -Woverloaded-virtual  -O2 -Wall supports the "override" keyword
configure:6369: g++ -c  -g  -Woverloaded-virtual  -O2 -Wall -Werror  conftest.cpp >&5
configure:6369: $? = 0
configure:6388: result: yes
configure:6391: checking if g++  -g  -Woverloaded-virtual  -O2 -Wall supports the "explicit" keyword for operators
configure:6405: g++ -c  -g  -Woverloaded-virtual  -O2 -Wall -Werror  conftest.cpp >&5
configure:6405: $? = 0
configure:6424: result: yes
configure:6463: checking for execinfo.h
configure:6463: gcc -c -g -O2  conftest.c >&5
configure:6463: $? = 0
configure:6463: result: yes
configure:6471: checking for cos in -lm
configure:6494: gcc -o conftest -g -O2   conftest.c -lm   >&5
conftest.c:33:6: warning: conflicting types for built-in function 'cos'; expected 'double(double)' [-Wbuiltin-declaration-mismatch]
   33 | char cos ();
      |      ^~~
conftest.c:1:1: note: 'cos' is declared in header '<math.h>'
    1 | /* confdefs.h */
configure:6494: $? = 0
configure:6504: result: yes
configure:7057: checking if g++ supports -Wl,--enable-new-dtags flag
configure:7071: g++ -o conftest -Werror -Wl,--enable-new-dtags   conftest.cpp -lm  >&5
configure:7071: $? = 0
configure:7086: result: yes
configure:7248: checking whether to build all plugins
configure:7286: result: not set
configure:7290: checking whether to build all CXX plugins
configure:7326: result: not set
configure:7358: checking whether to build plugin SISCone
configure:7397: result: yes
configure:7406: checking whether to build plugin CDFCones
configure:7444: result: yes
configure:7451: checking whether to build plugin PxCone
configure:7489: result: no
configure:7494: checking whether to build plugin D0RunIICone
configure:7532: result: no
configure:7537: checking whether to build plugin NestedDefs
configure:7575: result: yes
configure:7580: checking whether to build plugin TrackJet
configure:7618: result: no
configure:7623: checking whether to build plugin ATLASCone
configure:7661: result: no
configure:7666: checking whether to build plugin CMSIterativeCone
configure:7704: result: no
configure:7709: checking whether to build plugin EECambridge
configure:7747: result: yes
configure:7752: checking whether to build plugin Jade
configure:7790: result: yes
configure:7795: checking whether to build plugin D0RunICone
configure:7833: result: no
configure:7838: checking whether to build plugin GridJet
configure:7876: result: yes
configure:7913: checking build system type
configure:7928: result: x86_64-pc-linux-gnu
configure:7948: checking host system type
configure:7962: result: x86_64-pc-linux-gnu
configure:8003: checking how to print strings
configure:8030: result: printf
configure:8051: checking for a sed that does not truncate output
configure:8121: result: /usr/bin/sed
configure:8139: checking for fgrep
configure:8207: result: /usr/bin/grep -F
configure:8243: checking for ld used by gcc
configure:8311: result: /usr/bin/ld
configure:8318: checking if the linker (/usr/bin/ld) is GNU ld
configure:8334: result: yes
configure:8346: checking for BSD- or MS-compatible name lister (nm)
configure:8401: result: /usr/bin/nm -B
configure:8541: checking the name lister (/usr/bin/nm -B) interface
configure:8549: gcc -c -g -O2  conftest.c >&5
configure:8552: /usr/bin/nm -B "conftest.o"
configure:8555: output
0000000000000000 B some_variable
configure:8556: result: BSD nm
configure:8560: checking the maximum length of command line arguments
configure:8692: result: 1572864
configure:8740: checking how to convert x86_64-pc-linux-gnu file names to x86_64-pc-linux-gnu format
configure:8781: result: func_convert_file_noop
configure:8788: checking how to convert x86_64-pc-linux-gnu file names to toolchain format
configure:8809: result: func_convert_file_noop
configure:8816: checking for /usr/bin/ld option to reload object files
configure:8824: result: -r
configure:8903: checking for file
configure:8924: found /usr/bin/file
configure:8935: result: file
configure:9011: checking for objdump
configure:9032: found /usr/bin/objdump
configure:9043: result: objdump
configure:9075: checking how to recognize dependent libraries
configure:9276: result: pass_all
configure:9366: checking for dlltool
configure:9401: result: no
configure:9431: checking how to associate runtime and link libraries
configure:9459: result: printf %s\n
configure:9524: checking for ar
configure:9545: found /usr/bin/ar
configure:9556: result: ar
configure:9609: checking for archiver @FILE support
configure:9627: gcc -c -g -O2  conftest.c >&5
configure:9627: $? = 0
configure:9631: ar cr libconftest.a @conftest.lst >&5
configure:9634: $? = 0
configure:9639: ar cr libconftest.a @conftest.lst >&5
ar: conftest.o: No such file or directory
configure:9642: $? = 1
configure:9641: result: @
configure:9704: checking for strip
configure:9725: found /usr/bin/strip
configure:9736: result: strip
configure:9813: checking for ranlib
configure:9834: found /usr/bin/ranlib
configure:9845: result: ranlib
configure:9947: checking command to parse /usr/bin/nm -B output from gcc object
configure:10101: gcc -c -g -O2  conftest.c >&5
configure:10104: $? = 0
configure:10108: /usr/bin/nm -B conftest.o | /usr/bin/sed -n -e 's/^.*[	 ]\([ABCDGIRSTW][ABCDGIRSTW]*\)[	 ][	 ]*\([_A-Za-z][_A-Za-z0-9]*\)$/\1 \2 \2/p' | /usr/bin/sed '/ __gnu_lto/d' > conftest.nm
configure:10174: gcc -o conftest -g -O2   conftest.c conftstm.o >&5
configure:10177: $? = 0
configure:10215: result: ok
configure:10262: checking for sysroot
configure:10293: result: no
configure:10300: checking for a working dd
configure:10344: result: /usr/bin/dd
configure:10348: checking how to truncate binary pipes
configure:10364: result: /usr/bin/dd bs=4096 count=1
configure:10501: gcc -c -g -O2  conftest.c >&5
configure:10504: $? = 0
configure:10701: checking for mt
configure:10722: found /usr/bin/mt
configure:10733: result: mt
configure:10756: checking if mt is a manifest tool
configure:10763: mt '-?'
configure:10771: result: no
configure:11492: checking for dlfcn.h
configure:11492: gcc -c -g -O2  conftest.c >&5
configure:11492: $? = 0
configure:11492: result: yes
configure:11730: checking for objdir
configure:11746: result: .libs
configure:12010: checking if gcc supports -fno-rtti -fno-exceptions
configure:12029: gcc -c -g -O2  -fno-rtti -fno-exceptions conftest.c >&5
cc1: warning: command line option '-fno-rtti' is valid for C++/D/ObjC++ but not for C
configure:12033: $? = 0
configure:12046: result: no
configure:12410: checking for gcc option to produce PIC
configure:12418: result: -fPIC -DPIC
configure:12426: checking if gcc PIC flag -fPIC -DPIC works
configure:12445: gcc -c -g -O2  -fPIC -DPIC -DPIC conftest.c >&5
configure:12449: $? = 0
configure:12462: result: yes
configure:12491: checking if gcc static flag -static works
configure:12520: result: yes
configure:12535: checking if gcc supports -c -o file.o
configure:12557: gcc -c -g -O2  -o out/conftest2.o conftest.c >&5
configure:12561: $? = 0
configure:12583: result: yes
configure:12591: checking if gcc supports -c -o file.o
configure:12639: result: yes
configure:12672: checking whether the gcc linker (/usr/bin/ld -m elf_x86_64) supports shared libraries
configure:13946: result: yes
configure:13983: checking whether -lc should be explicitly linked in
configure:13992: gcc -c -g -O2  conftest.c >&5
configure:13995: $? = 0
configure:14010: gcc -shared  -fPIC -DPIC conftest.o  -v -Wl,-soname -Wl,conftest -o conftest 2\>\&1 \| /usr/bin/grep  -lc  \>/dev/null 2\>\&1
configure:14013: $? = 0
configure:14027: result: no
configure:14187: checking dynamic linker characteristics
configure:14769: gcc -o conftest -g -O2   -Wl,-rpath -Wl,/foo conftest.c -lm  >&5
configure:14769: $? = 0
configure:15020: result: GNU/Linux ld.so
configure:15142: checking how to hardcode library paths into programs
configure:15167: result: immediate
configure:15719: checking whether stripping libraries is possible
configure:15728: result: yes
configure:15770: checking if libtool supports shared libraries
configure:15772: result: yes
configure:15775: checking whether to build shared libraries
configure:15800: result: yes
configure:15803: checking whether to build static libraries
configure:15807: result: yes
configure:12575: checking how to run the C++ preprocessor
configure:12597: g++ -E  conftest.cpp
configure:12597: $? = 0
configure:12612: g++ -E  conftest.cpp
conftest.cpp:38:10: fatal error: ac_nonexistent.h: No such file or directory
   38 | #include <ac_nonexistent.h>
      |          ^~~~~~~~~~~~~~~~~~
compilation terminated.
configure:12612: $? = 1
configure: failed program was:
| /* confdefs.h */
| #define PACKAGE_NAME "FastJet"
| #define PACKAGE_TARNAME "fastjet"
| #define PACKAGE_VERSION "3.4.3"
| #define PACKAGE_STRING "FastJet 3.4.3"
| #define PACKAGE_BUGREPORT ""
| #define PACKAGE_URL ""
| #define PACKAGE "fastjet"
| #define VERSION "3.4.3"
| #define HAVE_STDIO_H 1
| #define HAVE_STDLIB_H 1
| #define HAVE_STRING_H 1
| #define HAVE_INTTYPES_H 1
| #define HAVE_STDINT_H 1
| #define HAVE_STRINGS_H 1
| #define HAVE_SYS_STAT_H 1
| #define HAVE_SYS_TYPES_H 1
| #define HAVE_UNISTD_H 1
| #define STDC_HEADERS 1
| #define HAVE_CXX14_DEPRECATED /**/
| #define HAVE_GNUCXX_DEPRECATED /**/
| #define HAVE_OVERRIDE /**/
| #define HAVE_CXX14_DEPRECATED /**/
| #define HAVE_GNUCXX_DEPRECATED /**/
| #define HAVE_OVERRIDE /**/
| #define HAVE_EXPLICIT_FOR_OPERATORS /**/
| #define HAVE_EXECINFO_H 1
| #define HAVE_LIBM 1
| #define ENABLE_PLUGIN_SISCONE /**/
| #define ENABLE_PLUGIN_CDFCONES /**/
| #define ENABLE_PLUGIN_NESTEDDEFS /**/
| #define ENABLE_PLUGIN_EECAMBRIDGE /**/
| #define ENABLE_PLUGIN_JADE /**/
| #define ENABLE_PLUGIN_GRIDJET /**/
| #define HAVE_DLFCN_H 1
| #define LT_OBJDIR ".libs/"
| /* end confdefs.h.  */
| #include <ac_nonexistent.h>
configure:12639: result: g++ -E
configure:12653: g++ -E  conftest.cpp
configure:12653: $? = 0
configure:12668: g++ -E  conftest.cpp
conftest.cpp:38:10: fatal error: ac_nonexistent.h: No such file or directory
   38 | #include <ac_nonexistent.h>
      |          ^~~~~~~~~~~~~~~~~~
compilation terminated.
configure:12668: $? = 1
configure: failed program was:
| /* confdefs.h */
| #define PACKAGE_NAME "FastJet"
| #define PACKAGE_TARNAME "fastjet"
| #define PACKAGE_VERSION "3.4.3"
| #define PACKAGE_STRING "FastJet 3.4.3"
| #define PACKAGE_BUGREPORT ""
| #define PACKAGE_URL ""
| #define PACKAGE "fastjet"
| #define VERSION "3.4.3"
| #define HAVE_STDIO_H 1
| #define HAVE_STDLIB_H 1
| #define HAVE_STRING_H 1
| #define HAVE_INTTYPES_H 1
| #define HAVE_STDINT_H 1
| #define HAVE_STRINGS_H 1
| #define HAVE_SYS_STAT_H 1
| #define HAVE_SYS_TYPES_H 1
| #define HAVE_UNISTD_H 1
| #define STDC_HEADERS 1
| #define HAVE_CXX14_DEPRECATED /**/
| #define HAVE_GNUCXX_DEPRECATED /**/
| #define HAVE_OVERRIDE /**/
| #define HAVE_CXX14_DEPRECATED /**/
| #define HAVE_GNUCXX_DEPRECATED /**/
| #define HAVE_OVERRIDE /**/
| #define HAVE_EXPLICIT_FOR_OPERATORS /**/
| #define HAVE_EXECINFO_H 1
| #define HAVE_LIBM 1
| #define ENABLE_PLUGIN_SISCONE /**/
| #define ENABLE_PLUGIN_CDFCONES /**/
| #define ENABLE_PLUGIN_NESTEDDEFS /**/
| #define ENABLE_PLUGIN_EECAMBRIDGE /**/
| #define ENABLE_PLUGIN_JADE /**/
| #define ENABLE_PLUGIN_GRIDJET /**/
| #define HAVE_DLFCN_H 1
| #define LT_OBJDIR ".libs/"
| /* end confdefs.h.  */
| #include <ac_nonexistent.h>
configure:12833: checking for ld used by g++
configure:12901: result: /usr/bin/ld -m elf_x86_64
configure:12908: checking if the linker (/usr/bin/ld -m elf_x86_64) is GNU ld
configure:12924: result: yes
configure:12979: checking whether the g++ linker (/usr/bin/ld -m elf_x86_64) supports shared libraries
configure:14057: result: yes
configure:14093: g++ -c -O2 -Wall  conftest.cpp >&5
configure:14096: $? = 0
configure:14577: checking for g++ option to produce PIC
configure:14585: result: -fPIC -DPIC
configure:14593: checking if g++ PIC flag -fPIC -DPIC works
configure:14612: g++ -c -O2 -Wall  -fPIC -DPIC -DPIC conftest.cpp >&5
configure:14616: $? = 0
configure:14629: result: yes
configure:14652: checking if g++ static flag -static works
configure:14681: result: yes
configure:14693: checking if g++ supports -c -o file.o
configure:14715: g++ -c -O2 -Wall  -o out/conftest2.o conftest.cpp >&5
configure:14719: $? = 0
configure:14741: result: yes
configure:14746: checking if g++ supports -c -o file.o
configure:14794: result: yes
configure:14824: checking whether the g++ linker (/usr/bin/ld -m elf_x86_64) supports shared libraries
configure:14867: result: yes
configure:15009: checking dynamic linker characteristics
configure:15769: result: GNU/Linux ld.so
configure:15834: checking how to hardcode library paths into programs
configure:15859: result: immediate
configure:18577: checking whether to build the python interface
configure:18587: result: no
configure:19377: checking that generated files are newer than configure
configure:19383: result: done
configure:19470: creating ./config.status

## ---------------------- ##
## Running config.status. ##
## ---------------------- ##

This file was extended by FastJet config.status 3.4.3, which was
generated by GNU Autoconf 2.71.  Invocation command line was

  CONFIG_FILES    = 
  CONFIG_HEADERS  = 
  CONFIG_LINKS    = 
  CONFIG_COMMANDS = 
  $ ./config.status 

on sxLin

config.status:1329: creating plugins/Makefile
config.status:1329: creating plugins/SISCone/Makefile
config.status:1329: creating plugins/SISCone/fastjet/Makefile
config.status:1329: creating plugins/CDFCones/Makefile
config.status:1329: creating plugins/CDFCones/fastjet/Makefile
config.status:1329: creating plugins/CDFCones/CDFcode/Makefile
config.status:1329: creating plugins/PxCone/Makefile
config.status:1329: creating plugins/PxCone/fastjet/Makefile
config.status:1329: creating plugins/D0RunIICone/Makefile
config.status:1329: creating plugins/D0RunIICone/fastjet/Makefile
config.status:1329: creating plugins/NestedDefs/Makefile
config.status:1329: creating plugins/NestedDefs/fastjet/Makefile
config.status:1329: creating plugins/TrackJet/Makefile
config.status:1329: creating plugins/TrackJet/fastjet/Makefile
config.status:1329: creating plugins/ATLASCone/Makefile
config.status:1329: creating plugins/ATLASCone/fastjet/Makefile
config.status:1329: creating plugins/CMSIterativeCone/Makefile
config.status:1329: creating plugins/CMSIterativeCone/fastjet/Makefile
config.status:1329: creating plugins/EECambridge/Makefile
config.status:1329: creating plugins/EECambridge/fastjet/Makefile
config.status:1329: creating plugins/Jade/Makefile
config.status:1329: creating plugins/Jade/fastjet/Makefile
config.status:1329: creating plugins/D0RunICone/Makefile
config.status:1329: creating plugins/D0RunICone/fastjet/Makefile
config.status:1329: creating plugins/GridJet/Makefile
config.status:1329: creating plugins/GridJet/fastjet/Makefile
config.status:1329: creating tools/Makefile
config.status:1329: creating tools/fastjet/Makefile
config.status:1329: creating tools/fastjet/tools/Makefile
config.status:1329: creating example/Makefile
config.status:1329: creating example/python/Makefile
config.status:1329: creating example/data/Makefile
config.status:1329: creating example/root/Makefile
config.status:1329: creating doc/Makefile
config.status:1329: creating doc/figs/Makefile
config.status:1329: creating fastjet-config
config.status:1329: creating fortran_wrapper/Makefile
config.status:1329: creating pyinterface/Makefile
config.status:1329: creating Makefile
config.status:1329: creating src/Makefile
config.status:1329: creating include/Makefile
config.status:1329: creating include/fastjet/Makefile
config.status:1329: creating include/fastjet/internal/Makefile
config.status:1329: creating include/fastjet/config_raw.h
config.status:1558: executing include/fastjet/config_auto.h commands
config.status:1596: creating include/fastjet/config_auto.h - prefix FASTJET for include/fastjet/config_raw.h defines
config.status:1558: executing depfiles commands
config.status:1724: cd plugins       && sed -e '/# am--include-marker/d' Makefile         | make -f - am--depfiles
config.status:1729: $? = 0
config.status:1724: cd plugins/SISCone       && sed -e '/# am--include-marker/d' Makefile         | make -f - am--depfiles
config.status:1729: $? = 0
config.status:1724: cd plugins/CDFCones       && sed -e '/# am--include-marker/d' Makefile         | make -f - am--depfiles
config.status:1729: $? = 0
config.status:1724: cd plugins/CDFCones/CDFcode       && sed -e '/# am--include-marker/d' Makefile         | make -f - am--depfiles
config.status:1729: $? = 0
config.status:1724: cd plugins/PxCone       && sed -e '/# am--include-marker/d' Makefile         | make -f - am--depfiles
config.status:1729: $? = 0
config.status:1724: cd plugins/D0RunIICone       && sed -e '/# am--include-marker/d' Makefile         | make -f - am--depfiles
config.status:1729: $? = 0
config.status:1724: cd plugins/NestedDefs       && sed -e '/# am--include-marker/d' Makefile         | make -f - am--depfiles
config.status:1729: $? = 0
config.status:1724: cd plugins/TrackJet       && sed -e '/# am--include-marker/d' Makefile         | make -f - am--depfiles
config.status:1729: $? = 0
config.status:1724: cd plugins/ATLASCone       && sed -e '/# am--include-marker/d' Makefile         | make -f - am--depfiles
config.status:1729: $? = 0
config.status:1724: cd plugins/CMSIterativeCone       && sed -e '/# am--include-marker/d' Makefile         | make -f - am--depfiles
config.status:1729: $? = 0
config.status:1724: cd plugins/EECambridge       && sed -e '/# am--include-marker/d' Makefile         | make -f - am--depfiles
config.status:1729: $? = 0
config.status:1724: cd plugins/Jade       && sed -e '/# am--include-marker/d' Makefile         | make -f - am--depfiles
config.status:1729: $? = 0
config.status:1724: cd plugins/D0RunICone       && sed -e '/# am--include-marker/d' Makefile         | make -f - am--depfiles
config.status:1729: $? = 0
config.status:1724: cd plugins/GridJet       && sed -e '/# am--include-marker/d' Makefile         | make -f - am--depfiles
config.status:1729: $? = 0
config.status:1724: cd tools       && sed -e '/# am--include-marker/d' Makefile         | make -f - am--depfiles
config.status:1729: $? = 0
config.status:1724: cd example       && sed -e '/# am--include-marker/d' Makefile         | make -f - am--depfiles
config.status:1729: $? = 0
config.status:1724: cd pyinterface       && sed -e '/# am--include-marker/d' Makefile         | make -f - am--depfiles
config.status:1729: $? = 0
config.status:1724: cd src       && sed -e '/# am--include-marker/d' Makefile         | make -f - am--depfiles
config.status:1729: $? = 0
config.status:1558: executing libtool commands
configure:22323: === configuring in plugins/SISCone/siscone (/home/linshengxiang/fastjet-3.4.3/plugins/SISCone/siscone)
configure:22384: running /bin/bash ./configure --disable-option-checking '--prefix=/home/linshengxiang/fastjet-3.4.3/../fastjet-install'  --cache-file=/dev/null --srcdir=.

## ---------------- ##
## Cache variables. ##
## ---------------- ##

ac_cv_build=x86_64-pc-linux-gnu
ac_cv_c_compiler_gnu=yes
ac_cv_cxx_compiler_gnu=yes
ac_cv_env_CCC_set=
ac_cv_env_CCC_value=
ac_cv_env_CC_set=
ac_cv_env_CC_value=
ac_cv_env_CFLAGS_set=
ac_cv_env_CFLAGS_value=
ac_cv_env_CPPFLAGS_set=
ac_cv_env_CPPFLAGS_value=
ac_cv_env_CXXCPP_set=
ac_cv_env_CXXCPP_value=
ac_cv_env_CXXFLAGS_set=
ac_cv_env_CXXFLAGS_value=
ac_cv_env_CXX_set=
ac_cv_env_CXX_value=
ac_cv_env_FCFLAGS_set=
ac_cv_env_FCFLAGS_value=
ac_cv_env_FC_set=
ac_cv_env_FC_value=
ac_cv_env_LDFLAGS_set=
ac_cv_env_LDFLAGS_value=
ac_cv_env_LIBS_set=
ac_cv_env_LIBS_value=
ac_cv_env_LT_SYS_LIBRARY_PATH_set=
ac_cv_env_LT_SYS_LIBRARY_PATH_value=
ac_cv_env_PYTHON_CONFIG_set=
ac_cv_env_PYTHON_CONFIG_value=
ac_cv_env_PYTHON_INCLUDE_set=
ac_cv_env_PYTHON_INCLUDE_value=
ac_cv_env_PYTHON_set=
ac_cv_env_PYTHON_value=
ac_cv_env_build_alias_set=
ac_cv_env_build_alias_value=
ac_cv_env_host_alias_set=
ac_cv_env_host_alias_value=
ac_cv_env_target_alias_set=
ac_cv_env_target_alias_value=
ac_cv_header_dlfcn_h=yes
ac_cv_header_execinfo_h=yes
ac_cv_header_inttypes_h=yes
ac_cv_header_stdint_h=yes
ac_cv_header_stdio_h=yes
ac_cv_header_stdlib_h=yes
ac_cv_header_string_h=yes
ac_cv_header_strings_h=yes
ac_cv_header_sys_stat_h=yes
ac_cv_header_sys_types_h=yes
ac_cv_header_unistd_h=yes
ac_cv_host=x86_64-pc-linux-gnu
ac_cv_lib_m_cos=yes
ac_cv_objext=o
ac_cv_path_EGREP='/usr/bin/grep -E'
ac_cv_path_FGREP='/usr/bin/grep -F'
ac_cv_path_GREP=/usr/bin/grep
ac_cv_path_SED=/usr/bin/sed
ac_cv_path_install='/usr/bin/install -c'
ac_cv_path_lt_DD=/usr/bin/dd
ac_cv_path_mkdir=/usr/bin/mkdir
ac_cv_prog_AWK=gawk
ac_cv_prog_CXXCPP='g++ -E'
ac_cv_prog_ac_ct_AR=ar
ac_cv_prog_ac_ct_CC=gcc
ac_cv_prog_ac_ct_CXX=g++
ac_cv_prog_ac_ct_FILECMD=file
ac_cv_prog_ac_ct_MANIFEST_TOOL=mt
ac_cv_prog_ac_ct_OBJDUMP=objdump
ac_cv_prog_ac_ct_RANLIB=ranlib
ac_cv_prog_ac_ct_STRIP=strip
ac_cv_prog_cc_c11=
ac_cv_prog_cc_g=yes
ac_cv_prog_cc_stdc=
ac_cv_prog_cxx_cxx11=
ac_cv_prog_cxx_found=yes
ac_cv_prog_cxx_g=yes
ac_cv_prog_cxx_stdcxx=
ac_cv_prog_make_make_set=yes
ac_cv_type_int=yes
ac_cv_type_long=yes
am_cv_CC_dependencies_compiler_type=gcc3
am_cv_CXX_dependencies_compiler_type=gcc3
am_cv_make_support_nested_variables=yes
am_cv_prog_cc_c_o=yes
am_cv_prog_tar_ustar=gnutar
lt_cv_ar_at_file=@
lt_cv_archive_cmds_need_lc=no
lt_cv_deplibs_check_method=pass_all
lt_cv_file_magic_cmd='$MAGIC_CMD'
lt_cv_file_magic_test_file=
lt_cv_ld_reload_flag=-r
lt_cv_nm_interface='BSD nm'
lt_cv_objdir=.libs
lt_cv_path_LD=/usr/bin/ld
lt_cv_path_LDCXX='/usr/bin/ld -m elf_x86_64'
lt_cv_path_NM='/usr/bin/nm -B'
lt_cv_path_mainfest_tool=no
lt_cv_prog_compiler_c_o=yes
lt_cv_prog_compiler_c_o_CXX=yes
lt_cv_prog_compiler_pic='-fPIC -DPIC'
lt_cv_prog_compiler_pic_CXX='-fPIC -DPIC'
lt_cv_prog_compiler_pic_works=yes
lt_cv_prog_compiler_pic_works_CXX=yes
lt_cv_prog_compiler_rtti_exceptions=no
lt_cv_prog_compiler_static_works=yes
lt_cv_prog_compiler_static_works_CXX=yes
lt_cv_prog_gnu_ld=yes
lt_cv_prog_gnu_ldcxx=yes
lt_cv_sharedlib_from_linklib_cmd='printf %s\n'
lt_cv_shlibpath_overrides_runpath=yes
lt_cv_sys_global_symbol_pipe='/usr/bin/sed -n -e '\''s/^.*[	 ]\([ABCDGIRSTW][ABCDGIRSTW]*\)[	 ][	 ]*\([_A-Za-z][_A-Za-z0-9]*\)$/\1 \2 \2/p'\'' | /usr/bin/sed '\''/ __gnu_lto/d'\'''
lt_cv_sys_global_symbol_to_c_name_address='/usr/bin/sed -n -e '\''s/^: \(.*\) .*$/  {"\1", (void *) 0},/p'\'' -e '\''s/^[ABCDGIRSTW][ABCDGIRSTW]* .* \(.*\)$/  {"\1", (void *) \&\1},/p'\'''
lt_cv_sys_global_symbol_to_c_name_address_lib_prefix='/usr/bin/sed -n -e '\''s/^: \(.*\) .*$/  {"\1", (void *) 0},/p'\'' -e '\''s/^[ABCDGIRSTW][ABCDGIRSTW]* .* \(lib.*\)$/  {"\1", (void *) \&\1},/p'\'' -e '\''s/^[ABCDGIRSTW][ABCDGIRSTW]* .* \(.*\)$/  {"lib\1", (void *) \&\1},/p'\'''
lt_cv_sys_global_symbol_to_cdecl='/usr/bin/sed -n -e '\''s/^T .* \(.*\)$/extern int \1();/p'\'' -e '\''s/^[ABCDGIRSTW][ABCDGIRSTW]* .* \(.*\)$/extern char \1;/p'\'''
lt_cv_sys_global_symbol_to_import=
lt_cv_sys_max_cmd_len=1572864
lt_cv_to_host_file_cmd=func_convert_file_noop
lt_cv_to_tool_file_cmd=func_convert_file_noop
lt_cv_truncate_bin='/usr/bin/dd bs=4096 count=1'

## ----------------- ##
## Output variables. ##
## ----------------- ##

ACLOCAL='${SHELL} '\''/home/linshengxiang/fastjet-3.4.3/missing'\'' aclocal-1.16'
AMDEPBACKSLASH='\'
AMDEP_FALSE='#'
AMDEP_TRUE=''
AMTAR='$${TAR-tar}'
AM_BACKSLASH='\'
AM_CXXFLAGS='-O2 -Wall  -g  -Woverloaded-virtual  -DDROP_CGAL '
AM_DEFAULT_V='$(AM_DEFAULT_VERBOSITY)'
AM_DEFAULT_VERBOSITY='1'
AM_FCFLAGS=''
AM_FFLAGS=''
AM_V='$(V)'
AR='ar'
AUTOCONF='${SHELL} '\''/home/linshengxiang/fastjet-3.4.3/missing'\'' autoconf'
AUTOHEADER='${SHELL} '\''/home/linshengxiang/fastjet-3.4.3/missing'\'' autoheader'
AUTOMAKE='${SHELL} '\''/home/linshengxiang/fastjet-3.4.3/missing'\'' automake-1.16'
AWK='gawk'
AX_SWIG_PYTHON_CPPFLAGS=''
AX_SWIG_PYTHON_OPT=''
BUILD_INCLUDES_SWIG_FALSE=''
BUILD_INCLUDES_SWIG_TRUE='#'
BUILD_PLUGIN_ATLASCONE_FALSE=''
BUILD_PLUGIN_ATLASCONE_TRUE='#'
BUILD_PLUGIN_CDFCONES_FALSE='#'
BUILD_PLUGIN_CDFCONES_TRUE=''
BUILD_PLUGIN_CMSITERATIVECONE_FALSE=''
BUILD_PLUGIN_CMSITERATIVECONE_TRUE='#'
BUILD_PLUGIN_D0RUNICONE_FALSE=''
BUILD_PLUGIN_D0RUNICONE_TRUE='#'
BUILD_PLUGIN_D0RUNIICONE_FALSE=''
BUILD_PLUGIN_D0RUNIICONE_TRUE='#'
BUILD_PLUGIN_EECAMBRIDGE_FALSE='#'
BUILD_PLUGIN_EECAMBRIDGE_TRUE=''
BUILD_PLUGIN_GRIDJET_FALSE='#'
BUILD_PLUGIN_GRIDJET_TRUE=''
BUILD_PLUGIN_JADE_FALSE='#'
BUILD_PLUGIN_JADE_TRUE=''
BUILD_PLUGIN_NESTEDDEFS_FALSE='#'
BUILD_PLUGIN_NESTEDDEFS_TRUE=''
BUILD_PLUGIN_PXCONE_FALSE=''
BUILD_PLUGIN_PXCONE_TRUE='#'
BUILD_PLUGIN_SISCONE_FALSE='#'
BUILD_PLUGIN_SISCONE_TRUE=''
BUILD_PLUGIN_TRACKJET_FALSE=''
BUILD_PLUGIN_TRACKJET_TRUE='#'
BUILD_PYEXT_FALSE=''
BUILD_PYEXT_TRUE='#'
CC='gcc'
CCDEPMODE='depmode=gcc3'
CFLAGS='-g -O2'
CGAL_CPPFLAGS=''
CGAL_LIBS=''
CONFIGURE_INVOCATION='./configure  '\''--prefix=/home/linshengxiang/fastjet-3.4.3/../fastjet-install'\'''
CONFIG_CXXFLAGS=''
CONFIG_LIBS=' -lm '
CONFIG_LIBS_PLUGINS=' -lfastjetplugins  -lsiscone_spherical -lsiscone'
CONFIG_LIBS_PLUGINS_STATIC=' ${installationdir}/lib/libfastjetplugins.a  ${installationdir}/lib/libsiscone.a ${installationdir}/lib/libsiscone_spherical.a'
CONFIG_RUNPATH_FLAGS='-Wl,--enable-new-dtags'
CONFIG_SUMMARY='Configuration summary:\n----------------------\n  Installation directory     /home/linshengxiang/fastjet-3.4.3/../fastjet-install\n  Shared libraries           yes\n  Static libraries           yes\n  Debug flag                 yes\n  CGAL support               no\n  Thread safety              no\n  Plugins: EECambridge       yes\n           Jade              yes\n           NestedDefs        yes\n           SISCone           yes\n           CDFCones          yes\n           D0RunICone        no\n           D0RunIICone       no\n           ATLASCone         no\n           CMSIterativeCone  no\n           PxCone            no\n           TrackJet          no\n           GridJet           yes\n  Monolithic plugins lib     yes\n  Python interface           no\n  Swig python generator      no\n'
CPPFLAGS=''
CSCOPE='cscope'
CTAGS='ctags'
CXX='g++'
CXXCPP='g++ -E'
CXXDEPMODE='depmode=gcc3'
CXXFLAGS=''
CYGPATH_W='echo'
D0_CXXFLAGS=''
DEFS='-DHAVE_CONFIG_H'
DEPDIR='.deps'
DLLTOOL='false'
DSYMUTIL=''
DUMPBIN=''
ECHO_C=''
ECHO_N='-n'
ECHO_T=''
EGREP='/usr/bin/grep -E'
ETAGS='etags'
EXEEXT=''
F77=''
FC=''
FCFLAGS=''
FCLIBS=''
FFLAGS=''
FGREP='/usr/bin/grep -F'
FILECMD='file'
FLIBS=''
GREP='/usr/bin/grep'
HAS_RUNPATH_SUPPORT='yes'
HAS_SHARED='yes'
INSTALL_DATA='${INSTALL} -m 644'
INSTALL_PROGRAM='${INSTALL}'
INSTALL_SCRIPT='${INSTALL}'
INSTALL_STRIP_PROGRAM='$(install_sh) -c -s'
LD='/usr/bin/ld -m elf_x86_64'
LDFLAGS=''
LIBOBJS=''
LIBS='-lm '
LIBTOOL='$(SHELL) $(top_builddir)/libtool'
LIPO=''
LIST_ALL_PLUGINS=' SISCone CDFCones NestedDefs EECambridge Jade GridJet'
LN_S='ln -s'
LTLIBOBJS=''
LT_SYS_LIBRARY_PATH=''
MAKEINFO='${SHELL} '\''/home/linshengxiang/fastjet-3.4.3/missing'\'' makeinfo'
MANIFEST_TOOL=':'
MKDIR_P='/usr/bin/mkdir -p'
MONOLITHIC_PLUGINS_FALSE='#'
MONOLITHIC_PLUGINS_TRUE=''
NM='/usr/bin/nm -B'
NMEDIT=''
OBJDUMP='objdump'
OBJEXT='o'
OTOOL64=''
OTOOL=''
PACKAGE='fastjet'
PACKAGE_BUGREPORT=''
PACKAGE_NAME='FastJet'
PACKAGE_STRING='FastJet 3.4.3'
PACKAGE_TARNAME='fastjet'
PACKAGE_URL=''
PACKAGE_VERSION='3.4.3'
PATH_SEPARATOR=':'
PYTHON=''
PYTHON_CONFIG=''
PYTHON_EXEC_PREFIX=''
PYTHON_INCLUDE=''
PYTHON_PLATFORM=''
PYTHON_PREFIX=''
PYTHON_VERSION=''
RANLIB='ranlib'
SED='/usr/bin/sed'
SET_MAKE=''
SHELL='/bin/bash'
STRIP='strip'
SWIG=''
SWIG_LIB=''
VERSION='3.4.3'
ac_ct_AR='ar'
ac_ct_CC='gcc'
ac_ct_CXX='g++'
ac_ct_DUMPBIN=''
ac_ct_FC=''
am__EXEEXT_FALSE=''
am__EXEEXT_TRUE='#'
am__fastdepCC_FALSE='#'
am__fastdepCC_TRUE=''
am__fastdepCXX_FALSE='#'
am__fastdepCXX_TRUE=''
am__include='include'
am__isrc=''
am__leading_dot='.'
am__nodep='_no'
am__quote=''
am__tar='tar --format=ustar -chf - "$$tardir"'
am__untar='tar -xf -'
bindir='${exec_prefix}/bin'
build='x86_64-pc-linux-gnu'
build_alias=''
build_cpu='x86_64'
build_os='linux-gnu'
build_vendor='pc'
cxx_found='yes'
datadir='${datarootdir}'
datarootdir='${prefix}/share'
docdir='${datarootdir}/doc/${PACKAGE_TARNAME}'
dvidir='${docdir}'
exec_prefix='${prefix}'
host='x86_64-pc-linux-gnu'
host_alias=''
host_cpu='x86_64'
host_os='linux-gnu'
host_vendor='pc'
htmldir='${docdir}'
includedir='${prefix}/include'
infodir='${datarootdir}/info'
install_sh='${SHELL} /home/linshengxiang/fastjet-3.4.3/install-sh'
libdir='${exec_prefix}/lib'
libexecdir='${exec_prefix}/libexec'
localedir='${datarootdir}/locale'
localstatedir='${prefix}/var'
mandir='${datarootdir}/man'
mkdir_p='$(MKDIR_P)'
oldincludedir='/usr/include'
pdfdir='${docdir}'
pkgpyexecdir=''
pkgpythondir=''
prefix='/home/linshengxiang/fastjet-3.4.3/../fastjet-install'
program_transform_name='s,x,x,'
psdir='${docdir}'
pyexecdir=''
pythondir=''
runstatedir='${localstatedir}/run'
sbindir='${exec_prefix}/sbin'
sharedstatedir='${prefix}/com'
subdirs=' plugins/SISCone/siscone'
sysconfdir='${prefix}/etc'
target_alias=''

## ----------- ##
## confdefs.h. ##
## ----------- ##

/* confdefs.h */
#define PACKAGE_NAME "FastJet"
#define PACKAGE_TARNAME "fastjet"
#define PACKAGE_VERSION "3.4.3"
#define PACKAGE_STRING "FastJet 3.4.3"
#define PACKAGE_BUGREPORT ""
#define PACKAGE_URL ""
#define PACKAGE "fastjet"
#define VERSION "3.4.3"
#define HAVE_STDIO_H 1
#define HAVE_STDLIB_H 1
#define HAVE_STRING_H 1
#define HAVE_INTTYPES_H 1
#define HAVE_STDINT_H 1
#define HAVE_STRINGS_H 1
#define HAVE_SYS_STAT_H 1
#define HAVE_SYS_TYPES_H 1
#define HAVE_UNISTD_H 1
#define STDC_HEADERS 1
#define HAVE_CXX14_DEPRECATED /**/
#define HAVE_GNUCXX_DEPRECATED /**/
#define HAVE_OVERRIDE /**/
#define HAVE_CXX14_DEPRECATED /**/
#define HAVE_GNUCXX_DEPRECATED /**/
#define HAVE_OVERRIDE /**/
#define HAVE_EXPLICIT_FOR_OPERATORS /**/
#define HAVE_EXECINFO_H 1
#define HAVE_LIBM 1
#define ENABLE_PLUGIN_SISCONE /**/
#define ENABLE_PLUGIN_CDFCONES /**/
#define ENABLE_PLUGIN_NESTEDDEFS /**/
#define ENABLE_PLUGIN_EECAMBRIDGE /**/
#define ENABLE_PLUGIN_JADE /**/
#define ENABLE_PLUGIN_GRIDJET /**/
#define HAVE_DLFCN_H 1
#define LT_OBJDIR ".libs/"
#define VERSION_MAJOR 3
#define VERSION_MINOR 4
#define VERSION_PATCHLEVEL 3
#define VERSION_NUMBER 30403

configure: exit 0
